<?xml version="1.0" encoding="UTF-8"?>
<!-- Generated by org.testng.reporters.JUnitReportReporter -->
<testsuite hostname="Ankurs-MacBook-Pro.local" name="MavenFrameAPI.NewTest" tests="1" failures="0" timestamp="15 Jul 2019 15:54:20 GMT" time="0.043" errors="0">
  <testcase name="f" time="0.043" classname="MavenFrameAPI.NewTest"/>
</testsuite> <!-- MavenFrameAPI.NewTest -->
