<?xml version="1.0" encoding="UTF-8"?>
<!-- Generated by org.testng.reporters.JUnitReportReporter -->
<testsuite hostname="BG4WS0528" name="MavenFrameAPI.NewTest" tests="1" failures="0" timestamp="11 Jul 2019 11:43:44 GMT" time="0.010" errors="0">
  <testcase name="f" time="0.010" classname="MavenFrameAPI.NewTest"/>
</testsuite> <!-- MavenFrameAPI.NewTest -->
